build/app/intermediates/manifest_merge_blame_file/debug/manifest-merger-blame-debug-report.txt
1<?xml version="1.0" encoding="utf-8"?>
2<manifest xmlns:android="http://schemas.android.com/apk/res/android"
3    package="com.syncfusion.flutter_examples"
4    android:versionCode="1"
5    android:versionName="22.1.34" >
6
7    <uses-sdk
8        android:minSdkVersion="19"
9        android:targetSdkVersion="33" />
10    <!--
11         Flutter needs it to communicate with the running application
12         to allow setting breakpoints, to provide hot reload, etc.
13    -->
14    <uses-permission android:name="android.permission.INTERNET" />
14-->src/main/AndroidManifest.xml:3:5-83
14-->src/main/AndroidManifest.xml:3:22-64
15    <uses-permission android:name="android.permission.WRITE_EXTERNAL_STORAGE" />
15-->src/main/AndroidManifest.xml:4:5-97
15-->src/main/AndroidManifest.xml:4:22-78
16    <uses-permission android:name="android.permission.READ_EXTERNAL_STORAGE" />
16-->src/main/AndroidManifest.xml:5:5-96
16-->src/main/AndroidManifest.xml:5:22-77
17
18    <permission
18-->[androidx.core:core:1.10.1] AndroidManifest.xml:22:5-24:47
19        android:name="com.syncfusion.flutter_examples.DYNAMIC_RECEIVER_NOT_EXPORTED_PERMISSION"
19-->[androidx.core:core:1.10.1] AndroidManifest.xml:23:9-81
20        android:protectionLevel="signature" />
20-->[androidx.core:core:1.10.1] AndroidManifest.xml:24:9-44
21
22    <uses-permission android:name="com.syncfusion.flutter_examples.DYNAMIC_RECEIVER_NOT_EXPORTED_PERMISSION" />
22-->[androidx.core:core:1.10.1] AndroidManifest.xml:26:5-97
22-->[androidx.core:core:1.10.1] AndroidManifest.xml:26:22-94
23    <!--
24 io.flutter.app.FlutterApplication is an android.app.Application that
25         calls FlutterMain.startInitialization(this); in its onCreate method.
26         In most cases you can leave this as-is, but you if you want to provide
27         additional functionality it is fine to subclass or reimplement
28         FlutterApplication and put your custom class here.
29    -->
30    <application
30-->src/main/AndroidManifest.xml:11:5-45:19
31        android:appComponentFactory="androidx.core.app.CoreComponentFactory"
31-->[androidx.core:core:1.10.1] AndroidManifest.xml:28:18-86
32        android:debuggable="true"
33        android:icon="@mipmap/ic_launcher"
33-->src/main/AndroidManifest.xml:13:9-43
34        android:label="Syncfusion Flutter UI Widgets" >
34-->src/main/AndroidManifest.xml:12:9-54
35        <meta-data
35-->src/main/AndroidManifest.xml:14:9-16:33
36            android:name="flutterEmbedding"
36-->src/main/AndroidManifest.xml:15:13-44
37            android:value="2" />
37-->src/main/AndroidManifest.xml:16:13-30
38
39        <provider
40            android:name="androidx.core.content.FileProvider"
41            android:authorities="com.syncfusion.flutter_examples.fileProvider"
42            android:grantUriPermissions="true" >
43            <meta-data
44                android:name="android.support.FILE_PROVIDER_PATHS"
45                android:resource="@xml/provider_path" />
46        </provider>
47
48        <activity
48-->src/main/AndroidManifest.xml:25:9-44:20
49            android:name="com.syncfusion.flutter_examples.MainActivity"
49-->src/main/AndroidManifest.xml:26:13-41
50            android:configChanges="orientation|keyboardHidden|keyboard|screenSize|locale|layoutDirection|fontScale|screenLayout|density|uiMode"
50-->src/main/AndroidManifest.xml:30:13-144
51            android:exported="true"
51-->src/main/AndroidManifest.xml:27:13-36
52            android:hardwareAccelerated="true"
52-->src/main/AndroidManifest.xml:31:13-47
53            android:launchMode="singleTop"
53-->src/main/AndroidManifest.xml:28:13-43
54            android:theme="@style/LaunchTheme"
54-->src/main/AndroidManifest.xml:29:13-47
55            android:windowSoftInputMode="adjustResize" >
55-->src/main/AndroidManifest.xml:32:13-55
56
57            <!--
58                 This keeps the window background of the activity showing
59                 until Flutter renders its first frame. It can be removed if
60                 there is no splash screen (such as the default splash screen
61                 defined in @style/LaunchTheme).
62            -->
63            <meta-data
63-->src/main/AndroidManifest.xml:37:13-39:40
64                android:name="io.flutter.app.android.SplashScreenUntilFirstFrame"
64-->src/main/AndroidManifest.xml:38:17-82
65                android:value="true" />
65-->src/main/AndroidManifest.xml:39:17-37
66
67            <intent-filter>
67-->src/main/AndroidManifest.xml:40:13-43:29
68                <action android:name="android.intent.action.MAIN" />
68-->src/main/AndroidManifest.xml:41:17-68
68-->src/main/AndroidManifest.xml:41:25-66
69
70                <category android:name="android.intent.category.LAUNCHER" />
70-->src/main/AndroidManifest.xml:42:17-76
70-->src/main/AndroidManifest.xml:42:27-74
71            </intent-filter>
72        </activity>
73        <activity
73-->[:url_launcher_android] AndroidManifest.xml:10:9-13:74
74            android:name="io.flutter.plugins.urllauncher.WebViewActivity"
74-->[:url_launcher_android] AndroidManifest.xml:11:13-74
75            android:exported="false"
75-->[:url_launcher_android] AndroidManifest.xml:12:13-37
76            android:theme="@android:style/Theme.NoTitleBar.Fullscreen" />
76-->[:url_launcher_android] AndroidManifest.xml:13:13-71
77
78        <uses-library
78-->[androidx.window:window:1.0.0-beta04] AndroidManifest.xml:25:9-27:40
79            android:name="androidx.window.extensions"
79-->[androidx.window:window:1.0.0-beta04] AndroidManifest.xml:26:13-54
80            android:required="false" />
80-->[androidx.window:window:1.0.0-beta04] AndroidManifest.xml:27:13-37
81        <uses-library
81-->[androidx.window:window:1.0.0-beta04] AndroidManifest.xml:28:9-30:40
82            android:name="androidx.window.sidecar"
82-->[androidx.window:window:1.0.0-beta04] AndroidManifest.xml:29:13-51
83            android:required="false" />
83-->[androidx.window:window:1.0.0-beta04] AndroidManifest.xml:30:13-37
84    </application>
85
86</manifest>